2025-02-02 11:54:01 [INFO]: IP: ::1 - POST /auth/login
2025-02-02 11:55:41 [INFO]: IP: ::1 - GET /api-docs
2025-02-02 11:55:41 [INFO]: IP: ::1 - GET /api-docs/
2025-02-02 11:55:41 [INFO]: IP: ::1 - GET /api-docs/swagger-ui.css
2025-02-02 11:55:41 [INFO]: IP: ::1 - GET /api-docs/swagger-ui-bundle.js
2025-02-02 11:55:41 [INFO]: IP: ::1 - GET /api-docs/swagger-ui-standalone-preset.js
2025-02-02 11:55:41 [INFO]: IP: ::1 - GET /api-docs/swagger-ui-init.js
2025-02-02 11:55:42 [INFO]: IP: ::1 - GET /api-docs/favicon-32x32.png
2025-02-02 12:03:06 [INFO]: IP: ::1 - POST /auth/register
2025-02-02 12:03:42 [INFO]: IP: ::1 - POST /auth/register
2025-02-02 12:04:53 [INFO]: IP: ::1 - POST /auth/login
2025-02-02 12:06:46 [INFO]: IP: ::1 - POST /foods
2025-02-02 12:10:48 [INFO]: IP: ::1 - GET /api-docs/
2025-02-02 12:10:48 [INFO]: IP: ::1 - GET /api-docs/swagger-ui.css
2025-02-02 12:10:48 [INFO]: IP: ::1 - GET /api-docs/swagger-ui-bundle.js
2025-02-02 12:10:48 [INFO]: IP: ::1 - GET /api-docs/swagger-ui-standalone-preset.js
2025-02-02 12:10:48 [INFO]: IP: ::1 - GET /api-docs/swagger-ui-init.js
2025-02-02 12:10:49 [INFO]: IP: ::1 - GET /api-docs/favicon-32x32.png
2025-02-02 12:11:18 [INFO]: IP: ::1 - GET /api-docs/
2025-02-02 12:11:18 [INFO]: IP: ::1 - GET /api-docs/swagger-ui.css
2025-02-02 12:11:18 [INFO]: IP: ::1 - GET /api-docs/swagger-ui-standalone-preset.js
2025-02-02 12:11:18 [INFO]: IP: ::1 - GET /api-docs/swagger-ui-bundle.js
2025-02-02 12:11:18 [INFO]: IP: ::1 - GET /api-docs/swagger-ui-init.js
2025-02-02 12:11:18 [INFO]: IP: ::1 - GET /api-docs/favicon-32x32.png
2025-02-02 12:12:27 [INFO]: IP: ::1 - POST /auth/login
2025-02-02 12:13:11 [INFO]: IP: ::1 - PUT /api_v1/profile
2025-02-02 12:13:29 [INFO]: IP: ::1 - GET /api_v1/profile
